\BOOKMARK [1][-]{section.1}{Introduction}{}
\BOOKMARK [2][-]{subsection.1.1}{Clustering}{section.1}
\BOOKMARK [2][-]{subsection.1.2}{what is good clustering}{section.1}
\BOOKMARK [2][-]{subsection.1.3}{Good Clustering Algorithm}{section.1}
\BOOKMARK [1][-]{section.2}{Clustering Methods}{}
\BOOKMARK [2][-]{subsection.2.1}{Partitioning Method}{section.2}
\BOOKMARK [2][-]{subsection.2.2}{Hierarchial Method}{section.2}
\BOOKMARK [3][-]{subsubsection.2.2.1}{Agglomerative method }{subsection.2.2}
\BOOKMARK [3][-]{subsubsection.2.2.2}{Divisive method}{subsection.2.2}
\BOOKMARK [2][-]{subsection.2.3}{Density based method }{section.2}
\BOOKMARK [2][-]{subsection.2.4}{Model based method}{section.2}
\BOOKMARK [2][-]{subsection.2.5}{Constraint based method:}{section.2}
\BOOKMARK [1][-]{section.3}{Applications}{}
\BOOKMARK [2][-]{subsection.3.1}{Marketing:}{section.3}
\BOOKMARK [2][-]{subsection.3.2}{Biology:}{section.3}
\BOOKMARK [2][-]{subsection.3.3}{ Libraries:}{section.3}
\BOOKMARK [2][-]{subsection.3.4}{Insurance:}{section.3}
\BOOKMARK [2][-]{subsection.3.5}{Earthquake studies:}{section.3}
\BOOKMARK [2][-]{subsection.3.6}{WWW:}{section.3}
\BOOKMARK [2][-]{subsection.3.7}{Land use:}{section.3}
\BOOKMARK [1][-]{section.4}{K-Means Clustering}{}
\BOOKMARK [2][-]{subsection.4.1}{ALGORITHM:}{section.4}
\BOOKMARK [2][-]{subsection.4.2}{mean}{section.4}
\BOOKMARK [2][-]{subsection.4.3}{ASSIGNING POINTS TO THE CLOSEST CENTROID:}{section.4}
\BOOKMARK [2][-]{subsection.4.4}{EUCLIDEAN DISTANCE FORMULA :}{section.4}
\BOOKMARK [2][-]{subsection.4.5}{OBJECTIVE FUNCTION OR THE SQUARED ERROR FUNCTION:}{section.4}
